{"logTime": "1226/124907", "correlationVector":"qd2ZI/ZsDQsxajl317c7gS.1","action":"SyncServerConnectionManagerRequest", "result":"SYNC_SERVER_OK", "context":{"environment":"Prod_WestEurope_000l", "migrationStage":"Unmigrated", "server":"GENERAL01000013"}}
{"logTime": "1226/124908", "correlationVector":"jJip5gD5BKNiNkTbsCCx8O","action":"SyncServerConnectionManagerRequest", "result":"SYNC_SERVER_OK", "context":{"environment":"", "migrationStage":"", "server":""}}
{"logTime": "1226/124908", "correlationVector":"qd2ZI/ZsDQsxajl317c7gS","action":"Initial GetUpdates", "result":"", "context":Reason: NEW_CLIENT. cV=qd2ZI/ZsDQsxajl317c7gS}
{"logTime": "1226/124908", "correlationVector":"qd2ZI/ZsDQsxajl317c7gS.2","action":"GetUpdates Response", "result":"Success", "context":Received 1 update(s). cV=qd2ZI/ZsDQsxajl317c7gS.0;server=GENERAL01000013;cloudType=Consumer;environment=Prod_WestEurope_000l;migrationStage=Unmigrated}
{"logTime": "1226/124908", "correlationVector":"CBfwjz0+4jeQv2f1r14S2X","action":"Initial GetUpdates", "result":"", "context":Reason: NEWLY_SUPPORTED_DATATYPE. cV=CBfwjz0+4jeQv2f1r14S2X}
{"logTime": "1226/124908", "correlationVector":"CBfwjz0+4jeQv2f1r14S2X.1","action":"SyncServerConnectionManagerRequest", "result":"SYNC_SERVER_OK", "context":{"environment":"Prod_WestEurope_000l", "migrationStage":"Unmigrated", "server":"general0100000H"}}
{"logTime": "1226/124908", "correlationVector":"CBfwjz0+4jeQv2f1r14S2X.2","action":"GetUpdates", "result":"DeleteReceived", "context":{"id":"c2d65a50-cc24-4452-a478-03f48ac18489", "isDeleted:":"true", "version":"1730312481743"}}
{"logTime": "1226/124908", "correlationVector":"CBfwjz0+4jeQv2f1r14S2X.3","action":"GetUpdates Response", "result":"Success", "context":Received 82 update(s). cV=CBfwjz0+4jeQv2f1r14S2X.0;server=general0100000H;cloudType=Consumer;environment=Prod_WestEurope_000l;migrationStage=Unmigrated}
{"logTime": "1226/124908", "correlationVector":"gskeOAwJcusEyOy11GU85c","action":"Initial GetUpdates", "result":"", "context":Reason: NEWLY_SUPPORTED_DATATYPE. cV=gskeOAwJcusEyOy11GU85c}
{"logTime": "1226/124908", "correlationVector":"gskeOAwJcusEyOy11GU85c.1","action":"SyncServerConnectionManagerRequest", "result":"SYNC_SERVER_OK", "context":{"environment":"Prod_WestEurope_000l", "migrationStage":"NotStarted", "server":"general0100000E"}}
{"logTime": "1226/124908", "correlationVector":"gskeOAwJcusEyOy11GU85c.2","action":"GetUpdates Response", "result":"Success", "context":Received 24 update(s). cV=gskeOAwJcusEyOy11GU85c.0;server=general0100000E;cloudType=Consumer;environment=Prod_WestEurope_000l;migrationStage=NotStarted}
{"logTime": "1226/124908", "correlationVector":"qw7o4flvV6NNa8zuDPAh6u","action":"Initial GetUpdates", "result":"", "context":Reason: NEWLY_SUPPORTED_DATATYPE. cV=qw7o4flvV6NNa8zuDPAh6u}
{"logTime": "1226/124909", "correlationVector":"qw7o4flvV6NNa8zuDPAh6u.1","action":"SyncServerConnectionManagerRequest", "result":"SYNC_SERVER_OK", "context":{"environment":"Prod_WestEurope_000l", "migrationStage":"Unmigrated", "server":"GENERAL0100001N"}}
{"logTime": "1226/124909", "correlationVector":"qw7o4flvV6NNa8zuDPAh6u.2","action":"GetUpdates", "result":"DeleteReceived", "context":{"id":"4bb0742d-101a-4c6d-8f4c-b2bd50540063", "isDeleted:":"true", "version":"1733843498915"}}
{"logTime": "1226/124909", "correlationVector":"qw7o4flvV6NNa8zuDPAh6u.3","action":"GetUpdates", "result":"DeleteReceived", "context":{"id":"acb638d9-f77a-46c7-bcbc-7743e2db97d4", "isDeleted:":"true", "version":"1727708172873"}}
{"logTime": "1226/124909", "correlationVector":"qw7o4flvV6NNa8zuDPAh6u.4","action":"GetUpdates", "result":"DeleteReceived", "context":{"id":"cdbfe30c-0c1a-40f9-ae78-1bdf4562ab92", "isDeleted:":"true", "version":"1730063137757"}}
{"logTime": "1226/124909", "correlationVector":"qw7o4flvV6NNa8zuDPAh6u.5","action":"GetUpdates", "result":"DeleteReceived", "context":{"id":"89b0ca27-057b-4a37-a9cd-21303ce7abe1", "isDeleted:":"true", "version":"1730064430268"}}
{"logTime": "1226/124909", "correlationVector":"qw7o4flvV6NNa8zuDPAh6u.6","action":"GetUpdates", "result":"DeleteReceived", "context":{"id":"f9a63508-48f0-43ef-93da-78ffc3ed5777", "isDeleted:":"true", "version":"1730065007137"}}
{"logTime": "1226/124909", "correlationVector":"qw7o4flvV6NNa8zuDPAh6u.7","action":"GetUpdates", "result":"DeleteReceived", "context":{"id":"9bcfeb93-6227-48ee-bec6-f3687707b51d", "isDeleted:":"true", "version":"1730065007139"}}
{"logTime": "1226/124909", "correlationVector":"qw7o4flvV6NNa8zuDPAh6u.8","action":"GetUpdates", "result":"DeleteReceived", "context":{"id":"d477c16b-a9ef-453b-8cf9-ac25663a93d3", "isDeleted:":"true", "version":"1730065007140"}}
{"logTime": "1226/124909", "correlationVector":"qw7o4flvV6NNa8zuDPAh6u.9","action":"GetUpdates", "result":"DeleteReceived", "context":{"id":"012f9569-4e47-4b10-a3b4-75b5d3d86838", "isDeleted:":"true", "version":"1730065007141"}}
{"logTime": "1226/124909", "correlationVector":"qw7o4flvV6NNa8zuDPAh6u.10","action":"GetUpdates", "result":"DeleteReceived", "context":{"id":"189a2a9c-302c-4393-b729-9548a05e5bb7", "isDeleted:":"true", "version":"1730065007143"}}
{"logTime": "1226/124909", "correlationVector":"qw7o4flvV6NNa8zuDPAh6u.11","action":"GetUpdates", "result":"DeleteReceived", "context":{"id":"2a901a72-bd0f-4fed-88e2-1a09f6def79b", "isDeleted:":"true", "version":"1730065976983"}}
{"logTime": "1226/124909", "correlationVector":"qw7o4flvV6NNa8zuDPAh6u.12","action":"GetUpdates", "result":"DeleteReceived", "context":{"id":"914da0c9-0d29-4961-9a09-94bb0ddfc604", "isDeleted:":"true", "version":"1730110144012"}}
{"logTime": "1226/124909", "correlationVector":"qw7o4flvV6NNa8zuDPAh6u.13","action":"GetUpdates", "result":"DeleteReceived", "context":{"id":"f86336ba-7987-409b-9b1e-381bb5d996c6", "isDeleted:":"true", "version":"1730317389914"}}
{"logTime": "1226/124909", "correlationVector":"qw7o4flvV6NNa8zuDPAh6u.14","action":"GetUpdates", "result":"DeleteReceived", "context":{"id":"c4256db6-2686-43de-aa60-b56ee964a1f0", "isDeleted:":"true", "version":"1730345809869"}}
{"logTime": "1226/124909", "correlationVector":"qw7o4flvV6NNa8zuDPAh6u.15","action":"GetUpdates", "result":"DeleteReceived", "context":{"id":"c3f7c225-b308-400d-a88b-79ee49a12bd6", "isDeleted:":"true", "version":"1730384722282"}}
{"logTime": "1226/124909", "correlationVector":"qw7o4flvV6NNa8zuDPAh6u.16","action":"GetUpdates", "result":"DeleteReceived", "context":{"id":"343eb2bc-cad3-44a3-83f2-991eccf36d80", "isDeleted:":"true", "version":"1730385126336"}}
{"logTime": "1226/124909", "correlationVector":"qw7o4flvV6NNa8zuDPAh6u.17","action":"GetUpdates", "result":"DeleteReceived", "context":{"id":"adcb0e04-4273-49e4-93a2-00287e54698f", "isDeleted:":"true", "version":"1730386760169"}}
{"logTime": "1226/124909", "correlationVector":"qw7o4flvV6NNa8zuDPAh6u.18","action":"GetUpdates", "result":"DeleteReceived", "context":{"id":"36ce55c3-e6b5-4b37-bdf9-224f61cf5629", "isDeleted:":"true", "version":"1730386797154"}}
{"logTime": "1226/124909", "correlationVector":"qw7o4flvV6NNa8zuDPAh6u.19","action":"GetUpdates", "result":"DeleteReceived", "context":{"id":"6e7aed8d-83b8-45a7-bf09-0e40944bdc8d", "isDeleted:":"true", "version":"1730570476331"}}
{"logTime": "1226/124909", "correlationVector":"qw7o4flvV6NNa8zuDPAh6u.20","action":"GetUpdates", "result":"DeleteReceived", "context":{"id":"4150f97b-4f36-4596-acd1-852988fd9642", "isDeleted:":"true", "version":"1730570476332"}}
{"logTime": "1226/124909", "correlationVector":"qw7o4flvV6NNa8zuDPAh6u.21","action":"GetUpdates", "result":"DeleteReceived", "context":{"id":"eefacc9b-bc6f-45cb-a0dd-16b36cb839b3", "isDeleted:":"true", "version":"1730570476333"}}
{"logTime": "1226/124909", "correlationVector":"qw7o4flvV6NNa8zuDPAh6u.22","action":"GetUpdates", "result":"DeleteReceived", "context":{"id":"7aedda43-5d2a-41dc-ac9b-c8444c65eaf6", "isDeleted:":"true", "version":"1730570476334"}}
{"logTime": "1226/124909", "correlationVector":"qw7o4flvV6NNa8zuDPAh6u.23","action":"GetUpdates", "result":"DeleteReceived", "context":{"id":"6d7f260c-810f-4837-ad7b-f5e036aa6c57", "isDeleted:":"true", "version":"1730570476335"}}
{"logTime": "1226/124909", "correlationVector":"qw7o4flvV6NNa8zuDPAh6u.24","action":"GetUpdates", "result":"DeleteReceived", "context":{"id":"f8087e1e-5451-4923-9da5-4e13dc2d9e58", "isDeleted:":"true", "version":"1730570476337"}}
{"logTime": "1226/124909", "correlationVector":"qw7o4flvV6NNa8zuDPAh6u.25","action":"GetUpdates", "result":"DeleteReceived", "context":{"id":"4feb8ad6-9f80-4df6-b036-68456a4165ff", "isDeleted:":"true", "version":"1730570476338"}}
{"logTime": "1226/124909", "correlationVector":"qw7o4flvV6NNa8zuDPAh6u.26","action":"GetUpdates", "result":"DeleteReceived", "context":{"id":"c300e99d-0336-43ec-9747-d325fb3113f6", "isDeleted:":"true", "version":"1730570476339"}}
{"logTime": "1226/124909", "correlationVector":"qw7o4flvV6NNa8zuDPAh6u.27","action":"GetUpdates", "result":"DeleteReceived", "context":{"id":"88ea1e54-42f4-409d-ac10-b3c0b8961f6f", "isDeleted:":"true", "version":"1730570476340"}}
{"logTime": "1226/124909", "correlationVector":"qw7o4flvV6NNa8zuDPAh6u.28","action":"GetUpdates", "result":"DeleteReceived", "context":{"id":"549bed8f-19d3-4543-8788-fd559d73d14a", "isDeleted:":"true", "version":"1730570476341"}}
{"logTime": "1226/124909", "correlationVector":"qw7o4flvV6NNa8zuDPAh6u.29","action":"GetUpdates", "result":"DeleteReceived", "context":{"id":"176b64ff-c301-4ded-9be5-e3c6d3f6f43e", "isDeleted:":"true", "version":"1730570476342"}}
{"logTime": "1226/124909", "correlationVector":"qw7o4flvV6NNa8zuDPAh6u.30","action":"GetUpdates", "result":"DeleteReceived", "context":{"id":"c1327798-00ba-4bd9-a6e1-a2414a8b3394", "isDeleted:":"true", "version":"1730570476343"}}
{"logTime": "1226/124909", "correlationVector":"qw7o4flvV6NNa8zuDPAh6u.31","action":"GetUpdates", "result":"DeleteReceived", "context":{"id":"2647da4f-48c4-470a-b1a7-110589953575", "isDeleted:":"true", "version":"1730570476344"}}
{"logTime": "1226/124909", "correlationVector":"qw7o4flvV6NNa8zuDPAh6u.32","action":"GetUpdates", "result":"DeleteReceived", "context":{"id":"ea33fcb4-7ede-4334-8e80-b3bb3c5eadb8", "isDeleted:":"true", "version":"1730570476345"}}
{"logTime": "1226/124909", "correlationVector":"qw7o4flvV6NNa8zuDPAh6u.33","action":"GetUpdates", "result":"DeleteReceived", "context":{"id":"28afb6ee-47a6-4955-8c14-143b73f093ca", "isDeleted:":"true", "version":"1730570476346"}}
{"logTime": "1226/124909", "correlationVector":"qw7o4flvV6NNa8zuDPAh6u.34","action":"GetUpdates", "result":"DeleteReceived", "context":{"id":"14b02d23-bb71-4724-a55c-506cb53eb95b", "isDeleted:":"true", "version":"1730579198668"}}
{"logTime": "1226/124909", "correlationVector":"qw7o4flvV6NNa8zuDPAh6u.35","action":"GetUpdates", "result":"DeleteReceived", "context":{"id":"39092333-e23e-4d66-a7f0-ab01639438a1", "isDeleted:":"true", "version":"1730599026635"}}
{"logTime": "1226/124909", "correlationVector":"qw7o4flvV6NNa8zuDPAh6u.36","action":"GetUpdates", "result":"DeleteReceived", "context":{"id":"6e51d30f-696f-4fe8-9bed-1663c358d398", "isDeleted:":"true", "version":"1730599096125"}}
{"logTime": "1226/124909", "correlationVector":"qw7o4flvV6NNa8zuDPAh6u.37","action":"GetUpdates", "result":"DeleteReceived", "context":{"id":"57226432-7fb1-45e2-9a79-22ebe0d1cd86", "isDeleted:":"true", "version":"1730636719001"}}
{"logTime": "1226/124909", "correlationVector":"qw7o4flvV6NNa8zuDPAh6u.38","action":"GetUpdates", "result":"DeleteReceived", "context":{"id":"895b2ac1-872e-4414-ab06-0a266c4ec51a", "isDeleted:":"true", "version":"1730653485394"}}
{"logTime": "1226/124909", "correlationVector":"qw7o4flvV6NNa8zuDPAh6u.39","action":"GetUpdates", "result":"DeleteReceived", "context":{"id":"7ef8261c-a01f-4cfa-9519-02586daee43e", "isDeleted:":"true", "version":"1730906639267"}}
{"logTime": "1226/124909", "correlationVector":"qw7o4flvV6NNa8zuDPAh6u.40","action":"GetUpdates", "result":"DeleteReceived", "context":{"id":"a7f4e818-9442-4826-a1be-c9873a101b1b", "isDeleted:":"true", "version":"1730988364908"}}
{"logTime": "1226/124909", "correlationVector":"qw7o4flvV6NNa8zuDPAh6u.41","action":"GetUpdates", "result":"DeleteReceived", "context":{"id":"f3ce9201-d727-402a-a6e7-970fbcce80a2", "isDeleted:":"true", "version":"1731201757851"}}
{"logTime": "1226/124909", "correlationVector":"qw7o4flvV6NNa8zuDPAh6u.42","action":"GetUpdates", "result":"DeleteReceived", "context":{"id":"1afe7daa-1f29-4360-9de4-59837d845b8d", "isDeleted:":"true", "version":"1731201757853"}}
{"logTime": "1226/124909", "correlationVector":"qw7o4flvV6NNa8zuDPAh6u.43","action":"GetUpdates", "result":"DeleteReceived", "context":{"id":"46982902-8147-4eeb-b32d-3802f490fa0e", "isDeleted:":"true", "version":"1731369831730"}}
{"logTime": "1226/124909", "correlationVector":"qw7o4flvV6NNa8zuDPAh6u.44","action":"GetUpdates", "result":"DeleteReceived", "context":{"id":"b1cfe243-faae-4180-9d58-06fdf55f9f8a", "isDeleted:":"true", "version":"1731523473714"}}
{"logTime": "1226/124909", "correlationVector":"qw7o4flvV6NNa8zuDPAh6u.45","action":"GetUpdates", "result":"DeleteReceived", "context":{"id":"346bbb1e-064c-46c0-8854-c2fb4bcf7433", "isDeleted:":"true", "version":"1731593744293"}}
{"logTime": "1226/124909", "correlationVector":"qw7o4flvV6NNa8zuDPAh6u.46","action":"GetUpdates", "result":"DeleteReceived", "context":{"id":"92726f18-c717-4210-a485-014a1ee7fbfa", "isDeleted:":"true", "version":"1731594877174"}}
{"logTime": "1226/124909", "correlationVector":"qw7o4flvV6NNa8zuDPAh6u.47","action":"GetUpdates", "result":"DeleteReceived", "context":{"id":"e48df984-2035-4437-a1aa-fabe4ae0eb5e", "isDeleted:":"true", "version":"1731595267438"}}
{"logTime": "1226/124909", "correlationVector":"qw7o4flvV6NNa8zuDPAh6u.48","action":"GetUpdates", "result":"DeleteReceived", "context":{"id":"c4f018dc-cbbe-43c6-bd1f-f477c850f3e3", "isDeleted:":"true", "version":"1731825243185"}}
{"logTime": "1226/124909", "correlationVector":"qw7o4flvV6NNa8zuDPAh6u.49","action":"GetUpdates", "result":"DeleteReceived", "context":{"id":"72166641-2172-4f4d-b37f-cc1f13ce8636", "isDeleted:":"true", "version":"1731897775856"}}
{"logTime": "1226/124909", "correlationVector":"qw7o4flvV6NNa8zuDPAh6u.50","action":"GetUpdates", "result":"DeleteReceived", "context":{"id":"1622b70c-d492-4401-aae8-f01e9d6d3a3c", "isDeleted:":"true", "version":"1731979375745"}}
{"logTime": "1226/124909", "correlationVector":"qw7o4flvV6NNa8zuDPAh6u.51","action":"GetUpdates", "result":"DeleteReceived", "context":{"id":"843f02c5-760a-4120-bcda-707227598858", "isDeleted:":"true", "version":"1732452733694"}}
{"logTime": "1226/124909", "correlationVector":"qw7o4flvV6NNa8zuDPAh6u.52","action":"GetUpdates", "result":"DeleteReceived", "context":{"id":"a4575bc4-d9b7-45ca-b0fe-4a6334cd2b78", "isDeleted:":"true", "version":"1732455761159"}}
{"logTime": "1226/124909", "correlationVector":"qw7o4flvV6NNa8zuDPAh6u.53","action":"GetUpdates", "result":"DeleteReceived", "context":{"id":"3bb507a2-e218-4842-91b3-b275f15d8f14", "isDeleted:":"true", "version":"1732455761161"}}
{"logTime": "1226/124909", "correlationVector":"qw7o4flvV6NNa8zuDPAh6u.54","action":"GetUpdates", "result":"DeleteReceived", "context":{"id":"c0765ca3-1768-4826-8b7a-15f58f6c6665", "isDeleted:":"true", "version":"1732455761162"}}
{"logTime": "1226/124909", "correlationVector":"qw7o4flvV6NNa8zuDPAh6u.55","action":"GetUpdates", "result":"DeleteReceived", "context":{"id":"3602adae-5480-4afc-95c5-5b3f51b8ad43", "isDeleted:":"true", "version":"1732455761163"}}
{"logTime": "1226/124909", "correlationVector":"qw7o4flvV6NNa8zuDPAh6u.56","action":"GetUpdates", "result":"DeleteReceived", "context":{"id":"cc9e2a48-7541-4252-a58d-4ee05d8845bf", "isDeleted:":"true", "version":"1732455761164"}}
{"logTime": "1226/124909", "correlationVector":"qw7o4flvV6NNa8zuDPAh6u.57","action":"GetUpdates", "result":"DeleteReceived", "context":{"id":"ba86c582-5d25-4e44-84e9-566891d08744", "isDeleted:":"true", "version":"1732455761165"}}
{"logTime": "1226/124909", "correlationVector":"qw7o4flvV6NNa8zuDPAh6u.58","action":"GetUpdates", "result":"DeleteReceived", "context":{"id":"8b400cde-2b4f-420c-8510-11e3f1aff714", "isDeleted:":"true", "version":"1732455761166"}}
{"logTime": "1226/124909", "correlationVector":"qw7o4flvV6NNa8zuDPAh6u.59","action":"GetUpdates", "result":"DeleteReceived", "context":{"id":"8f72d215-556f-42a5-a553-687ace223a6b", "isDeleted:":"true", "version":"1732455761167"}}
{"logTime": "1226/124909", "correlationVector":"qw7o4flvV6NNa8zuDPAh6u.60","action":"GetUpdates", "result":"DeleteReceived", "context":{"id":"21f2f5c7-02f9-48cd-803c-9fd5d74f4bd3", "isDeleted:":"true", "version":"1732532955246"}}
{"logTime": "1226/124909", "correlationVector":"qw7o4flvV6NNa8zuDPAh6u.61","action":"GetUpdates", "result":"DeleteReceived", "context":{"id":"e37a1fcc-9375-4b81-adf1-b8dc016c6d63", "isDeleted:":"true", "version":"1732558751917"}}
{"logTime": "1226/124909", "correlationVector":"qw7o4flvV6NNa8zuDPAh6u.62","action":"GetUpdates", "result":"DeleteReceived", "context":{"id":"e3c56caf-2426-4af6-b333-3b6b7865f4b8", "isDeleted:":"true", "version":"1732558840392"}}
{"logTime": "1226/124909", "correlationVector":"qw7o4flvV6NNa8zuDPAh6u.63","action":"GetUpdates", "result":"DeleteReceived", "context":{"id":"91c46952-a67d-44cf-be00-75292f36c999", "isDeleted:":"true", "version":"1732560087846"}}
{"logTime": "1226/124909", "correlationVector":"qw7o4flvV6NNa8zuDPAh6u.64","action":"GetUpdates", "result":"DeleteReceived", "context":{"id":"5e3336a7-5a57-4bb7-b4f8-1b588bf542eb", "isDeleted:":"true", "version":"1732560324960"}}
{"logTime": "1226/124909", "correlationVector":"qw7o4flvV6NNa8zuDPAh6u.65","action":"GetUpdates", "result":"DeleteReceived", "context":{"id":"587d629a-81aa-49da-9e46-397a58cd6db1", "isDeleted:":"true", "version":"1732560550060"}}
{"logTime": "1226/124909", "correlationVector":"qw7o4flvV6NNa8zuDPAh6u.66","action":"GetUpdates", "result":"DeleteReceived", "context":{"id":"44f5df25-0bcf-4588-80a8-4aa68156f12b", "isDeleted:":"true", "version":"1732561084082"}}
{"logTime": "1226/124909", "correlationVector":"qw7o4flvV6NNa8zuDPAh6u.67","action":"GetUpdates", "result":"DeleteReceived", "context":{"id":"131c4a99-6fb9-45a5-bd79-4296a62d6b92", "isDeleted:":"true", "version":"1732561119025"}}
{"logTime": "1226/124909", "correlationVector":"qw7o4flvV6NNa8zuDPAh6u.68","action":"GetUpdates", "result":"DeleteReceived", "context":{"id":"184b71e3-1585-4e98-b4b9-78fcf0cb462e", "isDeleted:":"true", "version":"1732561119028"}}
{"logTime": "1226/124909", "correlationVector":"qw7o4flvV6NNa8zuDPAh6u.69","action":"GetUpdates", "result":"DeleteReceived", "context":{"id":"62c77917-74e3-4dc9-8f21-9b5096e754a4", "isDeleted:":"true", "version":"1732574861378"}}
{"logTime": "1226/124909", "correlationVector":"qw7o4flvV6NNa8zuDPAh6u.70","action":"GetUpdates", "result":"DeleteReceived", "context":{"id":"291eaf65-5e43-4655-ae0c-d30832b4e695", "isDeleted:":"true", "version":"1732574861379"}}
{"logTime": "1226/124909", "correlationVector":"qw7o4flvV6NNa8zuDPAh6u.71","action":"GetUpdates", "result":"DeleteReceived", "context":{"id":"72f0b5ae-3c52-44c8-b0c0-d1eb29038e8f", "isDeleted:":"true", "version":"1732574861380"}}
{"logTime": "1226/124909", "correlationVector":"qw7o4flvV6NNa8zuDPAh6u.72","action":"GetUpdates", "result":"DeleteReceived", "context":{"id":"42a7debe-cfb5-4065-8c2d-34f9ca7fe908", "isDeleted:":"true", "version":"1732574892255"}}
{"logTime": "1226/124909", "correlationVector":"qw7o4flvV6NNa8zuDPAh6u.73","action":"GetUpdates", "result":"DeleteReceived", "context":{"id":"bfbae409-637b-4638-b987-078d4e82a2ae", "isDeleted:":"true", "version":"1732574892256"}}
{"logTime": "1226/124909", "correlationVector":"qw7o4flvV6NNa8zuDPAh6u.74","action":"GetUpdates", "result":"DeleteReceived", "context":{"id":"97146c6a-166c-4db0-8ad6-d2ec005ba403", "isDeleted:":"true", "version":"1732575580012"}}
{"logTime": "1226/124909", "correlationVector":"qw7o4flvV6NNa8zuDPAh6u.75","action":"GetUpdates", "result":"DeleteReceived", "context":{"id":"df5ed8d8-9e18-46c1-a926-845340fc4a62", "isDeleted:":"true", "version":"1732575613372"}}
{"logTime": "1226/124909", "correlationVector":"qw7o4flvV6NNa8zuDPAh6u.76","action":"GetUpdates", "result":"DeleteReceived", "context":{"id":"97d8ffca-00cb-43bb-aab1-6c7fceded269", "isDeleted:":"true", "version":"1732579820533"}}
{"logTime": "1226/124909", "correlationVector":"qw7o4flvV6NNa8zuDPAh6u.77","action":"GetUpdates", "result":"DeleteReceived", "context":{"id":"18072cf4-e60e-412a-983b-27f8a690e542", "isDeleted:":"true", "version":"1732623290518"}}
{"logTime": "1226/124909", "correlationVector":"qw7o4flvV6NNa8zuDPAh6u.78","action":"GetUpdates", "result":"DeleteReceived", "context":{"id":"f87071c8-be34-4c5e-a16d-954b7eb1bf07", "isDeleted:":"true", "version":"1732631077276"}}
{"logTime": "1226/124909", "correlationVector":"qw7o4flvV6NNa8zuDPAh6u.79","action":"GetUpdates", "result":"DeleteReceived", "context":{"id":"d9d7ee65-2ec4-415b-9996-5890bfee5fe1", "isDeleted:":"true", "version":"1732631077277"}}
{"logTime": "1226/124909", "correlationVector":"qw7o4flvV6NNa8zuDPAh6u.80","action":"GetUpdates", "result":"DeleteReceived", "context":{"id":"1c24d2d5-1be3-4220-8728-4636a939a147", "isDeleted:":"true", "version":"1732631149369"}}
{"logTime": "1226/124909", "correlationVector":"qw7o4flvV6NNa8zuDPAh6u.81","action":"GetUpdates", "result":"DeleteReceived", "context":{"id":"50ac4423-33b7-4a78-9aac-33d5e92a9d72", "isDeleted:":"true", "version":"1732631725207"}}
{"logTime": "1226/124909", "correlationVector":"qw7o4flvV6NNa8zuDPAh6u.82","action":"GetUpdates", "result":"DeleteReceived", "context":{"id":"53016bc6-cdd1-4924-85d7-07f8e6323153", "isDeleted:":"true", "version":"1732631790582"}}
{"logTime": "1226/124909", "correlationVector":"qw7o4flvV6NNa8zuDPAh6u.83","action":"GetUpdates", "result":"DeleteReceived", "context":{"id":"c84286f5-e7e6-4f03-8480-f70a586de73b", "isDeleted:":"true", "version":"1732631996222"}}
{"logTime": "1226/124909", "correlationVector":"qw7o4flvV6NNa8zuDPAh6u.84","action":"GetUpdates", "result":"DeleteReceived", "context":{"id":"8f2f5586-87d5-4d42-ace1-95d50686fa52", "isDeleted:":"true", "version":"1732631996224"}}
{"logTime": "1226/124909", "correlationVector":"qw7o4flvV6NNa8zuDPAh6u.85","action":"GetUpdates", "result":"DeleteReceived", "context":{"id":"6cbe5725-4caa-44da-99ca-b799b87b4964", "isDeleted:":"true", "version":"1732631996225"}}
{"logTime": "1226/124909", "correlationVector":"qw7o4flvV6NNa8zuDPAh6u.86","action":"GetUpdates", "result":"DeleteReceived", "context":{"id":"12712606-edbf-4021-a7d9-23fb1fcf1db0", "isDeleted:":"true", "version":"1732713396274"}}
{"logTime": "1226/124909", "correlationVector":"qw7o4flvV6NNa8zuDPAh6u.87","action":"GetUpdates", "result":"DeleteReceived", "context":{"id":"6f0cb6bf-38d3-4c87-b685-a4408649afd4", "isDeleted:":"true", "version":"1732876201171"}}
{"logTime": "1226/124909", "correlationVector":"qw7o4flvV6NNa8zuDPAh6u.88","action":"GetUpdates", "result":"DeleteReceived", "context":{"id":"d569442b-dd60-4c5e-82de-ae1a76dbe57a", "isDeleted:":"true", "version":"1732876201173"}}
{"logTime": "1226/124909", "correlationVector":"qw7o4flvV6NNa8zuDPAh6u.89","action":"GetUpdates", "result":"DeleteReceived", "context":{"id":"0da80e3e-08fa-41ed-a385-3f0c3cf08f2a", "isDeleted:":"true", "version":"1732876201174"}}
{"logTime": "1226/124909", "correlationVector":"qw7o4flvV6NNa8zuDPAh6u.90","action":"GetUpdates", "result":"DeleteReceived", "context":{"id":"86ca21a2-1f39-42d3-a194-fc51351d2fef", "isDeleted:":"true", "version":"1733034572159"}}
{"logTime": "1226/124909", "correlationVector":"qw7o4flvV6NNa8zuDPAh6u.91","action":"GetUpdates", "result":"DeleteReceived", "context":{"id":"8562933f-8b4f-4a64-b0b8-269f07819b7c", "isDeleted:":"true", "version":"1733127185839"}}
{"logTime": "1226/124909", "correlationVector":"qw7o4flvV6NNa8zuDPAh6u.92","action":"GetUpdates", "result":"DeleteReceived", "context":{"id":"339c681c-ab1a-4700-a6ee-aa7f5ad2b760", "isDeleted:":"true", "version":"1733133819210"}}
{"logTime": "1226/124909", "correlationVector":"qw7o4flvV6NNa8zuDPAh6u.93","action":"GetUpdates", "result":"DeleteReceived", "context":{"id":"a8bca572-8186-48bc-be93-2dcb35ca6909", "isDeleted:":"true", "version":"1733163814176"}}
{"logTime": "1226/124909", "correlationVector":"qw7o4flvV6NNa8zuDPAh6u.94","action":"GetUpdates", "result":"DeleteReceived", "context":{"id":"1ddf3999-b3b9-46d3-91da-5fad49a9a12b", "isDeleted:":"true", "version":"1733329786597"}}
{"logTime": "1226/124909", "correlationVector":"qw7o4flvV6NNa8zuDPAh6u.95","action":"GetUpdates", "result":"DeleteReceived", "context":{"id":"66195f8a-5371-4027-8cd5-40d17e251393", "isDeleted:":"true", "version":"1733422689279"}}
{"logTime": "1226/124909", "correlationVector":"qw7o4flvV6NNa8zuDPAh6u.96","action":"GetUpdates", "result":"DeleteReceived", "context":{"id":"1ea2e57e-3aba-4bc1-9946-61c65a74af7c", "isDeleted:":"true", "version":"1733500758843"}}
{"logTime": "1226/124909", "correlationVector":"qw7o4flvV6NNa8zuDPAh6u.97","action":"GetUpdates", "result":"DeleteReceived", "context":{"id":"33fbdf5d-148b-45ed-90ba-6c097fd74b51", "isDeleted:":"true", "version":"1733506026761"}}
{"logTime": "1226/124909", "correlationVector":"qw7o4flvV6NNa8zuDPAh6u.98","action":"GetUpdates", "result":"DeleteReceived", "context":{"id":"299fc0f5-2b1e-4c15-ba3e-04f293c4c533", "isDeleted:":"true", "version":"1733651379088"}}
{"logTime": "1226/124909", "correlationVector":"qw7o4flvV6NNa8zuDPAh6u.99","action":"GetUpdates", "result":"DeleteReceived", "context":{"id":"dfcb2571-958e-4d8c-85ed-b9d5a40e49e6", "isDeleted:":"true", "version":"1733651379089"}}
{"logTime": "1226/124909", "correlationVector":"qw7o4flvV6NNa8zuDPAh6u.100","action":"GetUpdates", "result":"DeleteReceived", "context":{"id":"cbea0cd7-87c4-422d-bd26-93c78df0389d", "isDeleted:":"true", "version":"1733674289394"}}
{"logTime": "1226/124909", "correlationVector":"qw7o4flvV6NNa8zuDPAh6u.101","action":"GetUpdates", "result":"DeleteReceived", "context":{"id":"1cb03fb6-66ad-4e2b-9cf2-f6d3eaf4a44c", "isDeleted:":"true", "version":"1733674289395"}}
{"logTime": "1226/124909", "correlationVector":"qw7o4flvV6NNa8zuDPAh6u.102","action":"GetUpdates", "result":"DeleteReceived", "context":{"id":"91748a9a-700b-40d3-848d-53fde9cbf4e3", "isDeleted:":"true", "version":"1733674289397"}}
{"logTime": "1226/124909", "correlationVector":"qw7o4flvV6NNa8zuDPAh6u.103","action":"GetUpdates", "result":"DeleteReceived", "context":{"id":"e5bb9b4d-6b73-4b32-9192-1d76830bdd43", "isDeleted:":"true", "version":"1733674289399"}}
{"logTime": "1226/124909", "correlationVector":"qw7o4flvV6NNa8zuDPAh6u.104","action":"GetUpdates", "result":"DeleteReceived", "context":{"id":"106acc27-f9f0-4c09-88f1-23534e48f3d8", "isDeleted:":"true", "version":"1733674289401"}}
{"logTime": "1226/124909", "correlationVector":"qw7o4flvV6NNa8zuDPAh6u.105","action":"GetUpdates", "result":"DeleteReceived", "context":{"id":"0d2d50de-5e2f-4e29-b882-05fb1acac8ad", "isDeleted:":"true", "version":"1733674289402"}}
{"logTime": "1226/124909", "correlationVector":"qw7o4flvV6NNa8zuDPAh6u.106","action":"GetUpdates", "result":"DeleteReceived", "context":{"id":"bd73f3f0-6860-4db0-b853-8a7dab7f0695", "isDeleted:":"true", "version":"1733693098025"}}
{"logTime": "1226/124909", "correlationVector":"qw7o4flvV6NNa8zuDPAh6u.107","action":"GetUpdates", "result":"DeleteReceived", "context":{"id":"73ceaaf0-ea3f-4884-97c3-3f05f3dab229", "isDeleted:":"true", "version":"1733693098026"}}
{"logTime": "1226/124909", "correlationVector":"qw7o4flvV6NNa8zuDPAh6u.108","action":"GetUpdates", "result":"DeleteReceived", "context":{"id":"4dce1e55-6a8b-4719-9647-981e704c27f3", "isDeleted:":"true", "version":"1733693098028"}}
{"logTime": "1226/124909", "correlationVector":"qw7o4flvV6NNa8zuDPAh6u.109","action":"GetUpdates", "result":"DeleteReceived", "context":{"id":"8f82e624-9b54-4656-ad38-9479aa6db880", "isDeleted:":"true", "version":"1733693098029"}}
{"logTime": "1226/124909", "correlationVector":"qw7o4flvV6NNa8zuDPAh6u.110","action":"GetUpdates", "result":"DeleteReceived", "context":{"id":"d10fbfab-22d0-4b3c-928a-20825742d626", "isDeleted:":"true", "version":"1733693098030"}}
{"logTime": "1226/124909", "correlationVector":"qw7o4flvV6NNa8zuDPAh6u.111","action":"GetUpdates", "result":"DeleteReceived", "context":{"id":"1fdff07b-ca04-4f5b-8a79-4d1c1341412b", "isDeleted:":"true", "version":"1734115036971"}}
{"logTime": "1226/124909", "correlationVector":"qw7o4flvV6NNa8zuDPAh6u.112","action":"GetUpdates", "result":"DeleteReceived", "context":{"id":"a42cea20-ed84-4320-8665-238e8ce66916", "isDeleted:":"true", "version":"1734115036972"}}
{"logTime": "1226/124909", "correlationVector":"qw7o4flvV6NNa8zuDPAh6u.113","action":"GetUpdates", "result":"DeleteReceived", "context":{"id":"d93cb493-4e3c-4a78-9a5a-febc1b786792", "isDeleted:":"true", "version":"1734891739915"}}
{"logTime": "1226/124909", "correlationVector":"qw7o4flvV6NNa8zuDPAh6u.114","action":"GetUpdates", "result":"DeleteReceived", "context":{"id":"fa56eff7-00e2-4a7c-b02e-a5cc89de7f79", "isDeleted:":"true", "version":"1734951530514"}}
{"logTime": "1226/124909", "correlationVector":"qw7o4flvV6NNa8zuDPAh6u.115","action":"GetUpdates", "result":"DeleteReceived", "context":{"id":"851ee880-3260-4d1a-a74c-a6a09d42f67a", "isDeleted:":"true", "version":"1735059189849"}}
{"logTime": "1226/124909", "correlationVector":"qw7o4flvV6NNa8zuDPAh6u.116","action":"GetUpdates", "result":"DeleteReceived", "context":{"id":"fc5c57da-4fae-407a-8ac4-090132232aea", "isDeleted:":"true", "version":"1735146865701"}}
{"logTime": "1226/124909", "correlationVector":"qw7o4flvV6NNa8zuDPAh6u.117","action":"GetUpdates", "result":"DeleteReceived", "context":{"id":"4c021375-da77-4a96-b25f-7f66a7b3a99c", "isDeleted:":"true", "version":"1735148226862"}}
{"logTime": "1226/124909", "correlationVector":"qw7o4flvV6NNa8zuDPAh6u.118","action":"GetUpdates", "result":"DeleteReceived", "context":{"id":"aa4ef2a7-31f4-46bf-80d2-1098d2a7465f", "isDeleted:":"true", "version":"1735153394458"}}
{"logTime": "1226/124909", "correlationVector":"qw7o4flvV6NNa8zuDPAh6u.119","action":"GetUpdates", "result":"DeleteReceived", "context":{"id":"9142aa17-bf9b-4c42-a5cc-ee707ec7911b", "isDeleted:":"true", "version":"1735164650618"}}
{"logTime": "1226/124909", "correlationVector":"qw7o4flvV6NNa8zuDPAh6u.120","action":"GetUpdates", "result":"DeleteReceived", "context":{"id":"cbe00cb2-2f4d-44f8-b2ae-7a807f959e8d", "isDeleted:":"true", "version":"1735164650621"}}
{"logTime": "1226/124909", "correlationVector":"qw7o4flvV6NNa8zuDPAh6u.121","action":"GetUpdates", "result":"DeleteReceived", "context":{"id":"299f4382-c4db-4af9-81d8-a74f9b00f1c6", "isDeleted:":"true", "version":"1735164650622"}}
{"logTime": "1226/124909", "correlationVector":"qw7o4flvV6NNa8zuDPAh6u.122","action":"GetUpdates", "result":"DeleteReceived", "context":{"id":"75de0261-3194-406b-896d-5ad09284c001", "isDeleted:":"true", "version":"1735166017542"}}
{"logTime": "1226/124909", "correlationVector":"qw7o4flvV6NNa8zuDPAh6u.123","action":"GetUpdates", "result":"DeleteReceived", "context":{"id":"94f54c27-7f74-4a78-b9c2-70e9653cb05b", "isDeleted:":"true", "version":"1735168658971"}}
{"logTime": "1226/124909", "correlationVector":"qw7o4flvV6NNa8zuDPAh6u.124","action":"GetUpdates", "result":"DeleteReceived", "context":{"id":"c2297ec8-5e84-4e67-9eb1-19e991c1a66f", "isDeleted:":"true", "version":"1735176879917"}}
{"logTime": "1226/124909", "correlationVector":"qw7o4flvV6NNa8zuDPAh6u.125","action":"GetUpdates", "result":"DeleteReceived", "context":{"id":"7b28cf12-d646-4adc-bf02-6de13d3704aa", "isDeleted:":"true", "version":"1735176879919"}}
{"logTime": "1226/124909", "correlationVector":"qw7o4flvV6NNa8zuDPAh6u.126","action":"GetUpdates", "result":"DeleteReceived", "context":{"id":"9d69d39e-b26a-41e8-b9c3-fe72722e71b5", "isDeleted:":"true", "version":"1733329786599"}}
{"logTime": "1226/124909", "correlationVector":"qw7o4flvV6NNa8zuDPAh6u.127","action":"GetUpdates", "result":"DeleteReceived", "context":{"id":"f4aa1f6b-7efa-47d1-8d8a-3b74bf2b09a3", "isDeleted:":"true", "version":"1733329786600"}}
{"logTime": "1226/124909", "correlationVector":"qw7o4flvV6NNa8zuDPAh6u.128","action":"GetUpdates Response", "result":"Success", "context":Received 183 update(s). cV=qw7o4flvV6NNa8zuDPAh6u.0;server=GENERAL0100001N;cloudType=Consumer;environment=Prod_WestEurope_000l;migrationStage=Unmigrated}
{"logTime": "1226/124909", "correlationVector":"W/4US/2n/e2VMtFtVdrvP4","action":"Normal GetUpdate request", "result":"", "context":cV=W/4US/2n/e2VMtFtVdrvP4
Nudged types: Sessions, Device Info, User Consents
Refresh requested types: Bookmarks, Preferences, Passwords, Autofill Profiles, Autofill, Typed URLs, Extensions, Sessions, Extension settings, History Delete Directives, Device Info, User Consents, Send Tab To Self, Web Apps, Collection, Edge E Drop, Edge Hub App Usage, Edge Tab Group, Edge Wallet, Encryption Keys}
{"logTime": "1226/124910", "correlationVector":"W/4US/2n/e2VMtFtVdrvP4.1","action":"SyncServerConnectionManagerRequest", "result":"SYNC_SERVER_OK", "context":{"environment":"Prod_WestEurope_000l", "migrationStage":"Unmigrated", "server":"GENERAL0100000X"}}
{"logTime": "1226/124910", "correlationVector":"W/4US/2n/e2VMtFtVdrvP4.2","action":"GetUpdates Response", "result":"Success", "context":Received 0 update(s). cV=W/4US/2n/e2VMtFtVdrvP4.0;server=GENERAL0100000X;cloudType=Consumer;environment=Prod_WestEurope_000l;migrationStage=Unmigrated}
{"logTime": "1226/124910", "correlationVector":"yxDaFoel+pk9AL34iPXFQ9","action":"DoCompareDataConsistency requsted types: ", "result":"Bookmarks, Preferences, Passwords, Typed URLs, Extensions, Extension settings, History Delete Directives, Send Tab To Self, Web Apps, Collection, Edge E Drop, Edge Tab Group, Edge Wallet, Encryption Keys"}
{"logTime": "1226/124910", "correlationVector":"yxDaFoel+pk9AL34iPXFQ9.0","action":"CompareDataConsistency result: ", "result":"Compare result: Encryption Keys is consistent. local entities count is: 1 local entities hash is: lrsvDJPkh6abrKM+tWflq9rpQhg="}
{"logTime": "1226/124910", "correlationVector":"yxDaFoel+pk9AL34iPXFQ9.1","action":"CompareDataConsistency result: ", "result":"Compare result: Bookmarks is consistent. local entities count is: 22 local entities hash is: 5fA9HVOX4j8ZyEKmSdKJwYvQbfw="}
{"logTime": "1226/124910", "correlationVector":"yxDaFoel+pk9AL34iPXFQ9.2","action":"CompareDataConsistency result: ", "result":"Compare result: Preferences is consistent. local entities count is: 50 local entities hash is: nrY5AaTvZV7ezH051dMcB10gM/A="}
{"logTime": "1226/124910", "correlationVector":"yxDaFoel+pk9AL34iPXFQ9.3","action":"CompareDataConsistency result: ", "result":"Server did not send this Typed URLs local entities count is: 6 local entities hash is: HRJ6fttcxjJaPFuR4bqaua4kCN4="}
{"logTime": "1226/124910", "correlationVector":"yxDaFoel+pk9AL34iPXFQ9.4","action":"CompareDataConsistency result: ", "result":"Compare result: Extensions is consistent. local entities count is: 2 local entities hash is: 2BwJhIblfLmOFY5NMT90UUt5fl8="}
{"logTime": "1226/124910", "correlationVector":"yxDaFoel+pk9AL34iPXFQ9.5","action":"CompareDataConsistency result: ", "result":"Compare result: Extension settings is consistent. local entities count is: 0 local entities hash is: "}
{"logTime": "1226/124910", "correlationVector":"yxDaFoel+pk9AL34iPXFQ9.6","action":"CompareDataConsistency result: ", "result":"Compare result: History Delete Directives is consistent. local entities count is: 0 local entities hash is: "}
{"logTime": "1226/124910", "correlationVector":"yxDaFoel+pk9AL34iPXFQ9.7","action":"CompareDataConsistency result: ", "result":"Server did not send this Send Tab To Self local entities count is: 0 local entities hash is: "}
{"logTime": "1226/124910", "correlationVector":"yxDaFoel+pk9AL34iPXFQ9.8","action":"CompareDataConsistency result: ", "result":"Compare result: Web Apps is consistent. local entities count is: 0 local entities hash is: "}
{"logTime": "1226/124910", "correlationVector":"yxDaFoel+pk9AL34iPXFQ9.9","action":"CompareDataConsistency result: ", "result":"Compare result: Collection is consistent. local entities count is: 0 local entities hash is: "}
{"logTime": "1226/124910", "correlationVector":"yxDaFoel+pk9AL34iPXFQ9.10","action":"CompareDataConsistency result: ", "result":"Compare result: Edge E Drop is consistent. local entities count is: 0 local entities hash is: "}
{"logTime": "1226/124910", "correlationVector":"yxDaFoel+pk9AL34iPXFQ9.11","action":"CompareDataConsistency result: ", "result":"Compare result: Edge Tab Group is consistent. local entities count is: 0 local entities hash is: "}
{"logTime": "1226/124910", "correlationVector":"yxDaFoel+pk9AL34iPXFQ9.12","action":"CompareDataConsistency result: ", "result":"Compare result: Edge Wallet is consistent. local entities count is: 0 local entities hash is: "}
{"logTime": "1226/124910", "correlationVector":"yxDaFoel+pk9AL34iPXFQ9.13","action":"CompareDataConsistency result: ", "result":"Compare result: Passwords is consistent. local entities count is: 16 local entities hash is: q+QrsoULc4a9d5uvIy/FtWg57uE="}
{"logTime": "1226/124910", "correlationVector":"9qXsRFWYz+PJxA4/Xsrywo","action":"Commit Request", "result":"", "context":Item count: 5
Contributing types: Sessions, Device Info, User Consents}
{"logTime": "1226/124910", "correlationVector":"9qXsRFWYz+PJxA4/Xsrywo.1","action":"SyncServerConnectionManagerRequest", "result":"SYNC_SERVER_OK", "context":{"environment":"Prod_WestEurope_000l", "migrationStage":"Unmigrated", "server":"GENERAL01000008"}}
{"logTime": "1226/124910", "correlationVector":"9qXsRFWYz+PJxA4/Xsrywo.2","action":"Commit Response", "result":"Success", "context":Result: Success. cV=9qXsRFWYz+PJxA4/Xsrywo.0;server=GENERAL01000008;cloudType=Consumer;environment=Prod_WestEurope_000l;migrationStage=Unmigrated}
{"logTime": "1226/124911", "correlationVector":"","action":"DIAGNOSTIC_REQUEST|v1/diagnosticData/Diagnostic.SendCheckResult()|SUCCESS", "result":""}
{"logTime": "1226/124934", "correlationVector":"NMfy7rn1yOnwQv6uMignxm","action":"Commit Request", "result":"", "context":Item count: 2
Contributing types: Sessions, Edge Hub App Usage}
{"logTime": "1226/124934", "correlationVector":"NMfy7rn1yOnwQv6uMignxm.1","action":"SyncServerConnectionManagerRequest", "result":"SYNC_SERVER_OK", "context":{"environment":"Prod_WestEurope_000l", "migrationStage":"Unmigrated", "server":"GENERAL0100000I"}}
{"logTime": "1226/124934", "correlationVector":"NMfy7rn1yOnwQv6uMignxm.2","action":"Commit Response", "result":"Success", "context":Result: Success. cV=NMfy7rn1yOnwQv6uMignxm.0;server=GENERAL0100000I;cloudType=Consumer;environment=Prod_WestEurope_000l;migrationStage=Unmigrated}
{"logTime": "1226/141115", "correlationVector":"XtZSiDiMrhBl+iUn3mHJBu.1","action":"SyncServerConnectionManagerRequest", "result":"SYNC_SERVER_OK", "context":{"environment":"Prod_WestEurope_000l", "migrationStage":"Unmigrated", "server":"GENERAL0100000O"}}
{"logTime": "1226/141116", "correlationVector":"HLhaE5iAoGRK/+SUq/LKE3","action":"SyncServerConnectionManagerRequest", "result":"SYNC_SERVER_OK", "context":{"environment":"", "migrationStage":"", "server":""}}
{"logTime": "1226/141116", "correlationVector":"XtZSiDiMrhBl+iUn3mHJBu","action":"Initial GetUpdates", "result":"", "context":Reason: NEW_CLIENT. cV=XtZSiDiMrhBl+iUn3mHJBu}
{"logTime": "1226/141116", "correlationVector":"XtZSiDiMrhBl+iUn3mHJBu.2","action":"GetUpdates Response", "result":"Success", "context":Received 1 update(s). cV=XtZSiDiMrhBl+iUn3mHJBu.0;server=GENERAL0100000O;cloudType=Consumer;environment=Prod_WestEurope_000l;migrationStage=Unmigrated}
{"logTime": "1226/141116", "correlationVector":"JJW++4L/S2601ZZkguNNL+","action":"Initial GetUpdates", "result":"", "context":Reason: NEWLY_SUPPORTED_DATATYPE. cV=JJW++4L/S2601ZZkguNNL+}
{"logTime": "1226/141116", "correlationVector":"JJW++4L/S2601ZZkguNNL+.1","action":"SyncServerConnectionManagerRequest", "result":"SYNC_SERVER_OK", "context":{"environment":"Prod_WestEurope_000l", "migrationStage":"Unmigrated", "server":"GENERAL01000013"}}
{"logTime": "1226/141116", "correlationVector":"JJW++4L/S2601ZZkguNNL+.2","action":"GetUpdates", "result":"DeleteReceived", "context":{"id":"c2d65a50-cc24-4452-a478-03f48ac18489", "isDeleted:":"true", "version":"1730312481743"}}
{"logTime": "1226/141116", "correlationVector":"JJW++4L/S2601ZZkguNNL+.3","action":"GetUpdates Response", "result":"Success", "context":Received 17 update(s). cV=JJW++4L/S2601ZZkguNNL+.0;server=GENERAL01000013;cloudType=Consumer;environment=Prod_WestEurope_000l;migrationStage=Unmigrated}
{"logTime": "1226/141116", "correlationVector":"YtGLrig5ZSX+gTT8rStJjz","action":"Initial GetUpdates", "result":"", "context":Reason: NEWLY_SUPPORTED_DATATYPE. cV=YtGLrig5ZSX+gTT8rStJjz}
{"logTime": "1226/141116", "correlationVector":"YtGLrig5ZSX+gTT8rStJjz.1","action":"SyncServerConnectionManagerRequest", "result":"SYNC_SERVER_OK", "context":{"environment":"Prod_WestEurope_000l", "migrationStage":"NotStarted", "server":"GENERAL0100001F"}}
{"logTime": "1226/141116", "correlationVector":"YtGLrig5ZSX+gTT8rStJjz.2","action":"GetUpdates Response", "result":"Success", "context":Received 24 update(s). cV=YtGLrig5ZSX+gTT8rStJjz.0;server=GENERAL0100001F;cloudType=Consumer;environment=Prod_WestEurope_000l;migrationStage=NotStarted}
{"logTime": "1226/141116", "correlationVector":"28kxTm3s+DpcPeyVlYHFrC","action":"Normal GetUpdate request", "result":"", "context":cV=28kxTm3s+DpcPeyVlYHFrC
Nudged types: Sessions, Device Info
Refresh requested types: Bookmarks, Preferences, Passwords, Autofill Profiles, Autofill, Typed URLs, Extensions, Sessions, Extension settings, History Delete Directives, Device Info, User Consents, Send Tab To Self, Web Apps, Collection, Edge E Drop, Edge Hub App Usage, Edge Tab Group, Edge Wallet, Encryption Keys}
{"logTime": "1226/141117", "correlationVector":"28kxTm3s+DpcPeyVlYHFrC.1","action":"SyncServerConnectionManagerRequest", "result":"SYNC_SERVER_OK", "context":{"environment":"Prod_WestEurope_000l", "migrationStage":"Unmigrated", "server":"GENERAL0100000P"}}
{"logTime": "1226/141117", "correlationVector":"28kxTm3s+DpcPeyVlYHFrC.2","action":"GetUpdates Response", "result":"Success", "context":Received 4 update(s). cV=28kxTm3s+DpcPeyVlYHFrC.0;server=GENERAL0100000P;cloudType=Consumer;environment=Prod_WestEurope_000l;migrationStage=Unmigrated}
{"logTime": "1226/141117", "correlationVector":"5RxlAKLctHShJgJQece63e","action":"Commit Request", "result":"", "context":Item count: 4
Contributing types: Sessions, Device Info}
{"logTime": "1226/141117", "correlationVector":"5RxlAKLctHShJgJQece63e.1","action":"SyncServerConnectionManagerRequest", "result":"SYNC_SERVER_OK", "context":{"environment":"Prod_WestEurope_000l", "migrationStage":"Unmigrated", "server":"GENERAL01000018"}}
{"logTime": "1226/141117", "correlationVector":"5RxlAKLctHShJgJQece63e.3","action":"Commit.Sessions", "result":"Success", "context":{"id":"d6b31eab-b72e-4011-9454-4e030232bd16", "isDeleted":"true", "size":"0", "version":"1735217374623"}}
{"logTime": "1226/141117", "correlationVector":"5RxlAKLctHShJgJQece63e.2","action":"Commit Response", "result":"Success", "context":Result: Success. cV=5RxlAKLctHShJgJQece63e.0;server=GENERAL01000018;cloudType=Consumer;environment=Prod_WestEurope_000l;migrationStage=Unmigrated}
{"logTime": "1226/141227", "correlationVector":"ZXF8uq7bKIJWQrOJuVTZ23","action":"Commit Request", "result":"", "context":Item count: 1
Contributing types: Sessions}
{"logTime": "1226/141227", "correlationVector":"ZXF8uq7bKIJWQrOJuVTZ23.1","action":"SyncServerConnectionManagerRequest", "result":"SYNC_SERVER_OK", "context":{"environment":"Prod_WestEurope_000l", "migrationStage":"NotStarted", "server":"GENERAL01000009"}}
{"logTime": "1226/141227", "correlationVector":"ZXF8uq7bKIJWQrOJuVTZ23.2","action":"Commit Response", "result":"Success", "context":Result: Success. cV=ZXF8uq7bKIJWQrOJuVTZ23.0;server=GENERAL01000009;cloudType=Consumer;environment=Prod_WestEurope_000l;migrationStage=NotStarted}
{"logTime": "1226/141614", "correlationVector":"HMLXdwVSODdkLRIDcWe2+e","action":"Normal GetUpdate request", "result":"", "context":cV=HMLXdwVSODdkLRIDcWe2+e
Nudged types: Sessions
Refresh requested types: Bookmarks, Preferences, Passwords, Autofill Profiles, Autofill, Typed URLs, Extensions, Sessions, Extension settings, History Delete Directives, Device Info, User Consents, Send Tab To Self, Web Apps, Collection, Edge E Drop, Edge Hub App Usage, Edge Tab Group, Edge Wallet, Encryption Keys}
{"logTime": "1226/141614", "correlationVector":"HMLXdwVSODdkLRIDcWe2+e.1","action":"SyncServerConnectionManagerRequest", "result":"SYNC_SERVER_OK", "context":{"environment":"Prod_WestEurope_000l", "migrationStage":"Unmigrated", "server":"GENERAL01000008"}}
{"logTime": "1226/141614", "correlationVector":"HMLXdwVSODdkLRIDcWe2+e.2","action":"GetUpdates", "result":"DeleteReceived", "context":{"id":"d6b31eab-b72e-4011-9454-4e030232bd16", "isDeleted:":"true", "version":"1735222277733"}}
{"logTime": "1226/141614", "correlationVector":"HMLXdwVSODdkLRIDcWe2+e.3","action":"GetUpdates Response", "result":"Success", "context":Received 4 update(s). cV=HMLXdwVSODdkLRIDcWe2+e.0;server=GENERAL01000008;cloudType=Consumer;environment=Prod_WestEurope_000l;migrationStage=Unmigrated}
{"logTime": "1226/141614", "correlationVector":"yk8Er+7qnuozIUx6ZU5XSG","action":"Commit Request", "result":"", "context":Item count: 1
Contributing types: Sessions}
{"logTime": "1226/141615", "correlationVector":"yk8Er+7qnuozIUx6ZU5XSG.1","action":"SyncServerConnectionManagerRequest", "result":"SYNC_SERVER_OK", "context":{"environment":"Prod_WestEurope_000l", "migrationStage":"NotStarted", "server":"GENERAL01000019"}}
{"logTime": "1226/141615", "correlationVector":"yk8Er+7qnuozIUx6ZU5XSG.2","action":"Commit Response", "result":"Success", "context":Result: Success. cV=yk8Er+7qnuozIUx6ZU5XSG.0;server=GENERAL01000019;cloudType=Consumer;environment=Prod_WestEurope_000l;migrationStage=NotStarted}
