2024-12-26 12:48:55.674: [INFO][Sync] Reset engine, reason: 8
2024-12-26 12:48:55.675: [INFO][Sync] Stopped: Bookmarks
2024-12-26 12:48:55.675: [INFO][Sync] Stopped: Preferences
2024-12-26 12:48:55.675: [INFO][Sync] Stopped: Passwords
2024-12-26 12:48:55.675: [INFO][Sync] Stopped: Autofill Profiles
2024-12-26 12:48:55.675: [INFO][Sync] Stopped: Autofill
2024-12-26 12:48:55.675: [INFO][Sync] Stopped: Typed URLs
2024-12-26 12:48:55.675: [INFO][Sync] Stopped: Extensions
2024-12-26 12:48:55.675: [INFO][Sync] Stopped: Sessions
2024-12-26 12:48:55.675: [INFO][Sync] Stopped: Extension settings
2024-12-26 12:48:55.675: [INFO][Sync] Stopped: History Delete Directives
2024-12-26 12:48:55.675: [INFO][Sync] Stopped: Device Info
2024-12-26 12:48:55.675: [INFO][Sync] Stopped: User Consents
2024-12-26 12:48:55.675: [INFO][Sync] Stopped: Send Tab To Self
2024-12-26 12:48:55.675: [INFO][Sync] Stopped: Web Apps
2024-12-26 12:48:55.675: [INFO][Sync] Stopped: History
2024-12-26 12:48:55.675: [INFO][Sync] Stopped: Collection
2024-12-26 12:48:55.675: [INFO][Sync] Stopped: Edge E Drop
2024-12-26 12:48:55.675: [INFO][Sync] Stopped: Edge Hub App Usage
2024-12-26 12:48:55.675: [INFO][Sync] Stopped: Edge Tab Group
2024-12-26 12:48:55.675: [INFO][Sync] Stopped: Edge Wallet
2024-12-26 12:48:55.675: [INFO][Sync] SyncState after authenticated was: NotSignedIn
2024-12-26 12:48:56.560: [INFO][Sync] Reset engine, reason: 8
2024-12-26 12:48:56.560: [INFO][Sync] Stopped: Bookmarks
2024-12-26 12:48:56.560: [INFO][Sync] Stopped: Preferences
2024-12-26 12:48:56.560: [INFO][Sync] Stopped: Passwords
2024-12-26 12:48:56.560: [INFO][Sync] Stopped: Autofill Profiles
2024-12-26 12:48:56.560: [INFO][Sync] Stopped: Autofill
2024-12-26 12:48:56.560: [INFO][Sync] Stopped: Typed URLs
2024-12-26 12:48:56.560: [INFO][Sync] Stopped: Extensions
2024-12-26 12:48:56.560: [INFO][Sync] Stopped: Sessions
2024-12-26 12:48:56.560: [INFO][Sync] Stopped: Extension settings
2024-12-26 12:48:56.560: [INFO][Sync] Stopped: History Delete Directives
2024-12-26 12:48:56.560: [INFO][Sync] Stopped: Device Info
2024-12-26 12:48:56.560: [INFO][Sync] Stopped: User Consents
2024-12-26 12:48:56.560: [INFO][Sync] Stopped: Send Tab To Self
2024-12-26 12:48:56.560: [INFO][Sync] Stopped: Web Apps
2024-12-26 12:48:56.560: [INFO][Sync] Stopped: History
2024-12-26 12:48:56.560: [INFO][Sync] Stopped: Collection
2024-12-26 12:48:56.560: [INFO][Sync] Stopped: Edge E Drop
2024-12-26 12:48:56.560: [INFO][Sync] Stopped: Edge Hub App Usage
2024-12-26 12:48:56.560: [INFO][Sync] Stopped: Edge Tab Group
2024-12-26 12:48:56.560: [INFO][Sync] Stopped: Edge Wallet
2024-12-26 12:48:59.367: [INFO][Sync] Try to start sync engine
2024-12-26 12:48:59.408: [INFO][SyncManagerImpl::NudgeForInitialDownload] Initial download nudge for Encryption Keys
2024-12-26 12:48:59.408: [INFO][SyncEngineBackend::LoadAndConnectNigoriController] Load and connect Nigori controller
2024-12-26 12:48:59.408: [INFO][SyncEngineBackend::DoInitialize] Control Types added: Encryption Keys
2024-12-26 12:48:59.408: [INFO][SyncManagerImpl::ConfigureSyncer] Types to download: Encryption Keys with reason: 3
2024-12-26 12:48:59.419: [INFO][SyncSchedulerImpl::DoConfigurationSyncCycleJob] Configure job was blocked
2024-12-26 12:49:01.418: [INFO][SyncAuthManager::SetLastAuthError] Current auth error: None
2024-12-26 12:49:01.418: [INFO][SyncAuthManager::EdgeLogTokenErrorState] Token error with: None for account type: MSA
2024-12-26 12:49:01.418: [INFO][Sync] Credentials changed for: EdgeSyncScopeNew
2024-12-26 12:49:07.161: [INFO][SyncAuthManager::SetLastAuthError] Current auth error: None
2024-12-26 12:49:07.161: [INFO][SyncAuthManager::EdgeLogTokenErrorState] Token error with: None for account type: MSA
2024-12-26 12:49:07.161: [INFO][Sync] Credentials changed for: EdgeSyncKeyDataScope
2024-12-26 12:49:07.162: [INFO][SyncEngineBackend::DoUpdateKeyDataCredentials] Update key data credentials
2024-12-26 12:49:07.162: [INFO][SyncEngineBackend::DoUpdateCredentials] Update credentials
2024-12-26 12:49:07.162: [INFO][SyncSchedulerImpl::DoConfigurationSyncCycleJob] Blocked types:  and types to download: Encryption Keys
2024-12-26 12:49:07.629: [INFO][Sync] Started DataTypeManager configuration, reason: 4
2024-12-26 12:49:07.629: [INFO][Sync] Configuring for: Bookmarks, Preferences, Passwords, Autofill Profiles, Autofill, Typed URLs, Extensions, Sessions, Extension settings, History Delete Directives, Device Info, User Consents, Send Tab To Self, Web Apps, Collection, Edge E Drop, Edge Hub App Usage, Edge Tab Group, Edge Wallet, Encryption Keys, reason: 3, current state: 0
2024-12-26 12:49:07.633: [INFO][Sync] Configure, desired: Bookmarks, Preferences, Typed URLs, Extensions, Sessions, Extension settings, History Delete Directives, Device Info, User Consents, Send Tab To Self, Web Apps, Collection, Edge E Drop, Edge Hub App Usage, Edge Tab Group, Edge Wallet, Encryption Keys; Allow fail: Passwords, Autofill Profiles, Autofill
2024-12-26 12:49:07.637: [INFO][Sync] Loading: Bookmarks
2024-12-26 12:49:07.638: [INFO][Sync] Loading: Preferences
2024-12-26 12:49:07.638: [INFO][Sync] Loading: Typed URLs
2024-12-26 12:49:07.638: [INFO][Sync] Loading: Extensions
2024-12-26 12:49:07.638: [INFO][Sync] Loading: Sessions
2024-12-26 12:49:07.638: [INFO][Sync] Loading: Extension settings
2024-12-26 12:49:07.638: [INFO][Sync] Loading: History Delete Directives
2024-12-26 12:49:07.638: [INFO][Sync] Loading: Device Info
2024-12-26 12:49:07.639: [INFO][Sync] Loading: User Consents
2024-12-26 12:49:07.639: [INFO][Sync] Loading: Send Tab To Self
2024-12-26 12:49:07.639: [INFO][Sync] Loading: Web Apps
2024-12-26 12:49:07.639: [INFO][Sync] Loading: Collection
2024-12-26 12:49:07.639: [INFO][Sync] Loading: Edge E Drop
2024-12-26 12:49:07.639: [INFO][Sync] Loading: Edge Hub App Usage
2024-12-26 12:49:07.639: [INFO][Sync] Loading: Edge Tab Group
2024-12-26 12:49:07.639: [INFO][Sync] Loading: Edge Wallet
2024-12-26 12:49:07.650: [INFO][Sync] All data types are ready for configure.
2024-12-26 12:49:08.247: [INFO][Sync] Started DataTypeManager configuration, reason: 5
2024-12-26 12:49:08.247: [INFO][Sync] Configuring for: Bookmarks, Preferences, Passwords, Autofill Profiles, Autofill, Typed URLs, Extensions, Sessions, Extension settings, History Delete Directives, Device Info, User Consents, Send Tab To Self, Web Apps, Collection, Edge E Drop, Edge Hub App Usage, Edge Tab Group, Edge Wallet, Encryption Keys, reason: 5, current state: 1
2024-12-26 12:49:08.248: [INFO][SyncEngineBackend::DoStartConfiguration] Start configuration
2024-12-26 12:49:08.249: [INFO][SyncManagerImpl::NudgeForInitialDownload] Initial download nudge for Bookmarks
2024-12-26 12:49:08.249: [INFO][SyncManagerImpl::NudgeForInitialDownload] Initial download nudge for Preferences
2024-12-26 12:49:08.249: [INFO][SyncManagerImpl::NudgeForInitialDownload] Initial download nudge for Typed URLs
2024-12-26 12:49:08.249: [INFO][SyncManagerImpl::NudgeForInitialDownload] Initial download nudge for Extensions
2024-12-26 12:49:08.249: [INFO][SyncManagerImpl::NudgeForInitialDownload] Initial download nudge for Sessions
2024-12-26 12:49:08.249: [INFO][SyncManagerImpl::NudgeForInitialDownload] Initial download nudge for Extension settings
2024-12-26 12:49:08.249: [INFO][SyncManagerImpl::NudgeForInitialDownload] Initial download nudge for History Delete Directives
2024-12-26 12:49:08.249: [INFO][SyncManagerImpl::NudgeForInitialDownload] Initial download nudge for Device Info
2024-12-26 12:49:08.249: [INFO][SyncManagerImpl::NudgeForInitialDownload] Initial download nudge for Send Tab To Self
2024-12-26 12:49:08.249: [INFO][SyncManagerImpl::NudgeForInitialDownload] Initial download nudge for Web Apps
2024-12-26 12:49:08.249: [INFO][SyncManagerImpl::NudgeForInitialDownload] Initial download nudge for Collection
2024-12-26 12:49:08.249: [INFO][SyncManagerImpl::NudgeForInitialDownload] Initial download nudge for Edge E Drop
2024-12-26 12:49:08.249: [INFO][SyncManagerImpl::NudgeForInitialDownload] Initial download nudge for Edge Hub App Usage
2024-12-26 12:49:08.249: [INFO][SyncManagerImpl::NudgeForInitialDownload] Initial download nudge for Edge Tab Group
2024-12-26 12:49:08.249: [INFO][SyncManagerImpl::NudgeForInitialDownload] Initial download nudge for Edge Wallet
2024-12-26 12:49:08.249: [INFO][SyncManagerImpl::ConfigureSyncer] Types to download:  with reason: 3
2024-12-26 12:49:08.249: [INFO][SyncEngineBackend::DoFinishConfigureDataTypes] Failed to download types:  and succeeded types: 
2024-12-26 12:49:08.250: [INFO][Sync] ConfigurationDone, failed: , succeeded: , remaining count: 3
2024-12-26 12:49:08.250: [WARN][Sync]     Reconfigure requested while configuration ongoing.
2024-12-26 12:49:08.250: [INFO][Sync] Configuring for: Bookmarks, Preferences, Passwords, Autofill Profiles, Autofill, Typed URLs, Extensions, Sessions, Extension settings, History Delete Directives, Device Info, User Consents, Send Tab To Self, Web Apps, Collection, Edge E Drop, Edge Hub App Usage, Edge Tab Group, Edge Wallet, Encryption Keys, reason: 5, current state: 2
2024-12-26 12:49:08.250: [INFO][Sync] Configure, desired: Bookmarks, Preferences, Passwords, Autofill Profiles, Autofill, Typed URLs, Extensions, Sessions, Extension settings, History Delete Directives, Device Info, User Consents, Send Tab To Self, Web Apps, Collection, Edge E Drop, Edge Hub App Usage, Edge Tab Group, Edge Wallet, Encryption Keys; Allow fail: 
2024-12-26 12:49:08.250: [INFO][Sync] Loading: Passwords
2024-12-26 12:49:08.250: [INFO][Sync] Loading: Autofill Profiles
2024-12-26 12:49:08.250: [INFO][Sync] Loading: Autofill
2024-12-26 12:49:08.256: [INFO][Sync] All data types are ready for configure.
2024-12-26 12:49:08.256: [INFO][SyncManagerImpl::NudgeForInitialDownload] Initial download nudge for Passwords
2024-12-26 12:49:08.256: [INFO][SyncManagerImpl::NudgeForInitialDownload] Initial download nudge for Autofill Profiles
2024-12-26 12:49:08.256: [INFO][SyncManagerImpl::NudgeForInitialDownload] Initial download nudge for Autofill
2024-12-26 12:49:08.256: [INFO][SyncManagerImpl::ConfigureSyncer] Types to download:  with reason: 5
2024-12-26 12:49:08.256: [INFO][SyncEngineBackend::DoFinishConfigureDataTypes] Failed to download types:  and succeeded types: 
2024-12-26 12:49:08.256: [INFO][Sync] ConfigurationDone, failed: , succeeded: , remaining count: 3
2024-12-26 12:49:08.257: [INFO][Sync] Prepare to configure types: Preferences, Passwords, Device Info, Send Tab To Self, Edge E Drop, Encryption Keys
2024-12-26 12:49:08.257: [INFO][SyncManagerImpl::ConfigureSyncer] Types to download: Preferences, Passwords, Device Info, Send Tab To Self, Edge E Drop, Encryption Keys with reason: 5
2024-12-26 12:49:08.257: [INFO][SyncSchedulerImpl::DoConfigurationSyncCycleJob] Blocked types:  and types to download: Preferences, Passwords, Device Info, Send Tab To Self, Edge E Drop, Encryption Keys
2024-12-26 12:49:08.554: [INFO][SyncEngineBackend::DoFinishConfigureDataTypes] Failed to download types:  and succeeded types: Preferences, Passwords, Device Info, Send Tab To Self, Edge E Drop, Encryption Keys
2024-12-26 12:49:08.583: [INFO][Sync] ConfigurationDone, failed: , succeeded: Preferences, Passwords, Device Info, Send Tab To Self, Edge E Drop, Encryption Keys, remaining count: 2
2024-12-26 12:49:08.583: [INFO][Sync] Prepare to configure types: Bookmarks, Encryption Keys
2024-12-26 12:49:08.585: [INFO][SyncManagerImpl::ConfigureSyncer] Types to download: Bookmarks, Encryption Keys with reason: 5
2024-12-26 12:49:08.585: [INFO][SyncSchedulerImpl::DoConfigurationSyncCycleJob] Blocked types:  and types to download: Bookmarks, Encryption Keys
2024-12-26 12:49:08.940: [INFO][SyncEngineBackend::DoFinishConfigureDataTypes] Failed to download types:  and succeeded types: Bookmarks, Encryption Keys
2024-12-26 12:49:08.941: [INFO][Sync] ConfigurationDone, failed: , succeeded: Bookmarks, Encryption Keys, remaining count: 1
2024-12-26 12:49:08.944: [INFO][Sync] Prepare to configure types: Autofill Profiles, Autofill, Typed URLs, Extensions, Sessions, Extension settings, History Delete Directives, Web Apps, Collection, Edge Hub App Usage, Edge Tab Group, Edge Wallet, Encryption Keys
2024-12-26 12:49:08.944: [INFO][SyncManagerImpl::ConfigureSyncer] Types to download: Autofill Profiles, Autofill, Typed URLs, Extensions, Sessions, Extension settings, History Delete Directives, Web Apps, Collection, Edge Hub App Usage, Edge Tab Group, Edge Wallet, Encryption Keys with reason: 5
2024-12-26 12:49:08.944: [INFO][SyncSchedulerImpl::DoConfigurationSyncCycleJob] Blocked types:  and types to download: Autofill Profiles, Autofill, Typed URLs, Extensions, Sessions, Extension settings, History Delete Directives, Web Apps, Collection, Edge Hub App Usage, Edge Tab Group, Edge Wallet, Encryption Keys
2024-12-26 12:49:09.705: [INFO][SyncEngineBackend::DoFinishConfigureDataTypes] Failed to download types:  and succeeded types: Autofill Profiles, Autofill, Typed URLs, Extensions, Sessions, Extension settings, History Delete Directives, Web Apps, Collection, Edge Hub App Usage, Edge Tab Group, Edge Wallet, Encryption Keys
2024-12-26 12:49:09.707: [INFO][Sync] ConfigurationDone, failed: , succeeded: Autofill Profiles, Autofill, Typed URLs, Extensions, Sessions, Extension settings, History Delete Directives, Web Apps, Collection, Edge Hub App Usage, Edge Tab Group, Edge Wallet, Encryption Keys, remaining count: 0
2024-12-26 12:49:09.708: [INFO][Sync]     Configuration completed, state: 7
2024-12-26 12:49:09.710: [INFO][Sync] Configured DataTypeManager: Ok
2024-12-26 12:49:09.712: [INFO][SyncEngineBackend::DoStartSyncing] Start syncing
2024-12-26 14:11:09.890: [INFO][Sync] SyncState after authenticated was: FeatureCanStart
2024-12-26 14:11:14.115: [INFO][Sync] Try to start sync engine
2024-12-26 14:11:14.116: [INFO][SyncManagerImpl::NudgeForInitialDownload] Initial download nudge for Encryption Keys
2024-12-26 14:11:14.116: [INFO][SyncEngineBackend::LoadAndConnectNigoriController] Load and connect Nigori controller
2024-12-26 14:11:14.116: [INFO][SyncEngineBackend::DoInitialize] Control Types added: Encryption Keys
2024-12-26 14:11:14.116: [INFO][SyncManagerImpl::ConfigureSyncer] Types to download: Encryption Keys with reason: 3
2024-12-26 14:11:14.116: [INFO][SyncSchedulerImpl::DoConfigurationSyncCycleJob] Configure job was blocked
2024-12-26 14:11:14.189: [INFO][SyncAuthManager::SetLastAuthError] Current auth error: None
2024-12-26 14:11:14.189: [INFO][SyncAuthManager::EdgeLogTokenErrorState] Token error with: None for account type: MSA
2024-12-26 14:11:14.189: [INFO][Sync] Credentials changed for: EdgeSyncScopeNew
2024-12-26 14:11:14.892: [INFO][SyncAuthManager::SetLastAuthError] Current auth error: None
2024-12-26 14:11:14.893: [INFO][SyncAuthManager::EdgeLogTokenErrorState] Token error with: None for account type: MSA
2024-12-26 14:11:14.893: [INFO][Sync] Credentials changed for: EdgeSyncKeyDataScope
2024-12-26 14:11:14.894: [INFO][SyncEngineBackend::DoUpdateKeyDataCredentials] Update key data credentials
2024-12-26 14:11:14.894: [INFO][SyncEngineBackend::DoUpdateCredentials] Update credentials
2024-12-26 14:11:14.894: [INFO][SyncSchedulerImpl::DoConfigurationSyncCycleJob] Blocked types:  and types to download: Encryption Keys
2024-12-26 14:11:15.427: [INFO][Sync] Started DataTypeManager configuration, reason: 4
2024-12-26 14:11:15.428: [INFO][Sync] Configuring for: Bookmarks, Preferences, Passwords, Autofill Profiles, Autofill, Typed URLs, Extensions, Sessions, Extension settings, History Delete Directives, Device Info, User Consents, Send Tab To Self, Web Apps, Collection, Edge E Drop, Edge Hub App Usage, Edge Tab Group, Edge Wallet, Encryption Keys, reason: 4, current state: 0
2024-12-26 14:11:15.431: [INFO][Sync] Configure, desired: Bookmarks, Preferences, Typed URLs, Extensions, Sessions, Extension settings, History Delete Directives, Device Info, User Consents, Send Tab To Self, Web Apps, Collection, Edge E Drop, Edge Hub App Usage, Edge Tab Group, Edge Wallet, Encryption Keys; Allow fail: Passwords, Autofill Profiles, Autofill
2024-12-26 14:11:15.431: [INFO][Sync] Loading: Bookmarks
2024-12-26 14:11:15.431: [INFO][Sync] Loading: Preferences
2024-12-26 14:11:15.431: [INFO][Sync] Loading: Typed URLs
2024-12-26 14:11:15.431: [INFO][Sync] Loading: Extensions
2024-12-26 14:11:15.431: [INFO][Sync] Loading: Sessions
2024-12-26 14:11:15.431: [INFO][Sync] Loading: Extension settings
2024-12-26 14:11:15.431: [INFO][Sync] Loading: History Delete Directives
2024-12-26 14:11:15.431: [INFO][Sync] Loading: Device Info
2024-12-26 14:11:15.431: [INFO][Sync] Loading: User Consents
2024-12-26 14:11:15.431: [INFO][Sync] Loading: Send Tab To Self
2024-12-26 14:11:15.431: [INFO][Sync] Loading: Web Apps
2024-12-26 14:11:15.431: [INFO][Sync] Loading: Collection
2024-12-26 14:11:15.431: [INFO][Sync] Loading: Edge E Drop
2024-12-26 14:11:15.431: [INFO][Sync] Loading: Edge Hub App Usage
2024-12-26 14:11:15.431: [INFO][Sync] Loading: Edge Tab Group
2024-12-26 14:11:15.431: [INFO][Sync] Loading: Edge Wallet
2024-12-26 14:11:15.466: [INFO][Sync] All data types are ready for configure.
2024-12-26 14:11:16.313: [INFO][SyncEngineBackend::DoStartConfiguration] Start configuration
2024-12-26 14:11:16.313: [INFO][SyncManagerImpl::NudgeForInitialDownload] Initial download nudge for Bookmarks
2024-12-26 14:11:16.313: [INFO][SyncManagerImpl::ConfigureSyncer] Types to download:  with reason: 4
2024-12-26 14:11:16.313: [INFO][SyncEngineBackend::DoFinishConfigureDataTypes] Failed to download types:  and succeeded types: 
2024-12-26 14:11:16.314: [INFO][Sync] Started DataTypeManager configuration, reason: 5
2024-12-26 14:11:16.314: [INFO][Sync] Configuring for: Bookmarks, Preferences, Passwords, Autofill Profiles, Autofill, Typed URLs, Extensions, Sessions, Extension settings, History Delete Directives, Device Info, User Consents, Send Tab To Self, Web Apps, Collection, Edge E Drop, Edge Hub App Usage, Edge Tab Group, Edge Wallet, Encryption Keys, reason: 5, current state: 1
2024-12-26 14:11:16.319: [INFO][Sync] ConfigurationDone, failed: , succeeded: , remaining count: 3
2024-12-26 14:11:16.319: [WARN][Sync]     Reconfigure requested while configuration ongoing.
2024-12-26 14:11:16.319: [INFO][Sync] Configuring for: Bookmarks, Preferences, Passwords, Autofill Profiles, Autofill, Typed URLs, Extensions, Sessions, Extension settings, History Delete Directives, Device Info, User Consents, Send Tab To Self, Web Apps, Collection, Edge E Drop, Edge Hub App Usage, Edge Tab Group, Edge Wallet, Encryption Keys, reason: 5, current state: 2
2024-12-26 14:11:16.319: [INFO][Sync] Configure, desired: Bookmarks, Preferences, Passwords, Autofill Profiles, Autofill, Typed URLs, Extensions, Sessions, Extension settings, History Delete Directives, Device Info, User Consents, Send Tab To Self, Web Apps, Collection, Edge E Drop, Edge Hub App Usage, Edge Tab Group, Edge Wallet, Encryption Keys; Allow fail: 
2024-12-26 14:11:16.321: [INFO][Sync] Loading: Passwords
2024-12-26 14:11:16.321: [INFO][Sync] Loading: Autofill Profiles
2024-12-26 14:11:16.321: [INFO][Sync] Loading: Autofill
2024-12-26 14:11:16.327: [INFO][Sync] All data types are ready for configure.
2024-12-26 14:11:16.329: [INFO][SyncManagerImpl::NudgeForInitialDownload] Initial download nudge for Passwords
2024-12-26 14:11:16.329: [INFO][SyncManagerImpl::ConfigureSyncer] Types to download:  with reason: 5
2024-12-26 14:11:16.329: [INFO][SyncEngineBackend::DoFinishConfigureDataTypes] Failed to download types:  and succeeded types: 
2024-12-26 14:11:16.329: [INFO][Sync] ConfigurationDone, failed: , succeeded: , remaining count: 3
2024-12-26 14:11:16.329: [INFO][Sync] Prepare to configure types: Passwords, Encryption Keys
2024-12-26 14:11:16.330: [INFO][SyncManagerImpl::ConfigureSyncer] Types to download: Passwords, Encryption Keys with reason: 5
2024-12-26 14:11:16.330: [INFO][SyncSchedulerImpl::DoConfigurationSyncCycleJob] Blocked types:  and types to download: Passwords, Encryption Keys
2024-12-26 14:11:16.629: [INFO][SyncEngineBackend::DoFinishConfigureDataTypes] Failed to download types:  and succeeded types: Passwords, Encryption Keys
2024-12-26 14:11:16.632: [INFO][Sync] ConfigurationDone, failed: , succeeded: Passwords, Encryption Keys, remaining count: 2
2024-12-26 14:11:16.632: [INFO][Sync] Prepare to configure types: Bookmarks, Encryption Keys
2024-12-26 14:11:16.632: [INFO][SyncManagerImpl::ConfigureSyncer] Types to download: Bookmarks, Encryption Keys with reason: 5
2024-12-26 14:11:16.632: [INFO][SyncSchedulerImpl::DoConfigurationSyncCycleJob] Blocked types:  and types to download: Bookmarks, Encryption Keys
2024-12-26 14:11:16.941: [INFO][SyncEngineBackend::DoFinishConfigureDataTypes] Failed to download types:  and succeeded types: Bookmarks, Encryption Keys
2024-12-26 14:11:16.944: [INFO][Sync] ConfigurationDone, failed: , succeeded: Bookmarks, Encryption Keys, remaining count: 1
2024-12-26 14:11:16.947: [INFO][SyncManagerImpl::ConfigureSyncer] Types to download:  with reason: 5
2024-12-26 14:11:16.947: [INFO][SyncEngineBackend::DoFinishConfigureDataTypes] Failed to download types:  and succeeded types: 
2024-12-26 14:11:16.947: [INFO][Sync] ConfigurationDone, failed: , succeeded: , remaining count: 0
2024-12-26 14:11:16.950: [INFO][Sync]     Configuration completed, state: 7
2024-12-26 14:11:16.950: [INFO][Sync] Configured DataTypeManager: Ok
2024-12-26 14:11:16.983: [INFO][SyncEngineBackend::DoStartSyncing] Start syncing
2024-12-26 14:17:03.388: [INFO][Sync] Reset engine, reason: 0
2024-12-26 14:17:03.388: [INFO][Sync] Reset engine with reason: 0
